2018-05-11 16:39:58.399 DEBUG [main] org.springframework.web.context.support.StandardServletEnvironment Line:109 - Adding [servletConfigInitParams] PropertySource with lowest search precedence
2018-05-11 16:39:58.408 DEBUG [main] org.springframework.web.context.support.StandardServletEnvironment Line:109 - Adding [servletContextInitParams] PropertySource with lowest search precedence
2018-05-11 16:39:58.409 DEBUG [main] org.springframework.web.context.support.StandardServletEnvironment Line:109 - Adding [systemProperties] PropertySource with lowest search precedence
2018-05-11 16:39:58.409 DEBUG [main] org.springframework.web.context.support.StandardServletEnvironment Line:109 - Adding [systemEnvironment] PropertySource with lowest search precedence
2018-05-11 16:39:58.410 DEBUG [main] org.springframework.web.context.support.StandardServletEnvironment Line:124 - Initialized StandardServletEnvironment with PropertySources [servletConfigInitParams,servletContextInitParams,systemProperties,systemEnvironment]
2018-05-11 16:40:02.436 DEBUG [main] org.springframework.web.context.support.StandardServletEnvironment Line:137 - Adding [applicationConfig: [classpath:/application.properties]] PropertySource with search precedence immediately lower than [applicationConfigurationProperties]
2018-05-11 16:40:02.436 DEBUG [main] org.springframework.web.context.support.StandardServletEnvironment Line:159 - Removing [applicationConfigurationProperties] PropertySource
2018-05-11 16:40:02.436 DEBUG [main] org.springframework.web.context.support.StandardServletEnvironment Line:159 - Removing [defaultProperties] PropertySource
2018-05-11 16:40:03.793 DEBUG [localhost-startStop-1] org.springframework.web.context.ContextLoader Line:268 - Published root WebApplicationContext as ServletContext attribute with name [org.springframework.web.context.WebApplicationContext.ROOT]
2018-05-11 16:40:03.990 DEBUG [localhost-startStop-1] org.springframework.web.context.support.StandardServletEnvironment Line:109 - Adding [servletConfigInitParams] PropertySource with lowest search precedence
2018-05-11 16:40:03.990 DEBUG [localhost-startStop-1] org.springframework.web.context.support.StandardServletEnvironment Line:109 - Adding [servletContextInitParams] PropertySource with lowest search precedence
2018-05-11 16:40:03.996 DEBUG [localhost-startStop-1] org.springframework.web.context.support.StandardServletEnvironment Line:109 - Adding [systemProperties] PropertySource with lowest search precedence
2018-05-11 16:40:03.996 DEBUG [localhost-startStop-1] org.springframework.web.context.support.StandardServletEnvironment Line:109 - Adding [systemEnvironment] PropertySource with lowest search precedence
2018-05-11 16:40:03.998 DEBUG [localhost-startStop-1] org.springframework.web.context.support.StandardServletEnvironment Line:124 - Initialized StandardServletEnvironment with PropertySources [servletConfigInitParams,servletContextInitParams,systemProperties,systemEnvironment]
2018-05-11 16:40:04.038 DEBUG [localhost-startStop-1] org.springframework.web.context.support.StandardServletEnvironment Line:109 - Adding [servletConfigInitParams] PropertySource with lowest search precedence
2018-05-11 16:40:04.039 DEBUG [localhost-startStop-1] org.springframework.web.context.support.StandardServletEnvironment Line:109 - Adding [servletContextInitParams] PropertySource with lowest search precedence
2018-05-11 16:40:04.039 DEBUG [localhost-startStop-1] org.springframework.web.context.support.StandardServletEnvironment Line:109 - Adding [systemProperties] PropertySource with lowest search precedence
2018-05-11 16:40:04.039 DEBUG [localhost-startStop-1] org.springframework.web.context.support.StandardServletEnvironment Line:109 - Adding [systemEnvironment] PropertySource with lowest search precedence
2018-05-11 16:40:04.040 DEBUG [localhost-startStop-1] org.springframework.web.context.support.StandardServletEnvironment Line:124 - Initialized StandardServletEnvironment with PropertySources [servletConfigInitParams,servletContextInitParams,systemProperties,systemEnvironment]
2018-05-11 16:40:04.062 DEBUG [localhost-startStop-1] org.springframework.web.context.support.StandardServletEnvironment Line:109 - Adding [servletConfigInitParams] PropertySource with lowest search precedence
2018-05-11 16:40:04.063 DEBUG [localhost-startStop-1] org.springframework.web.context.support.StandardServletEnvironment Line:109 - Adding [servletContextInitParams] PropertySource with lowest search precedence
2018-05-11 16:40:04.064 DEBUG [localhost-startStop-1] org.springframework.web.context.support.StandardServletEnvironment Line:109 - Adding [systemProperties] PropertySource with lowest search precedence
2018-05-11 16:40:04.064 DEBUG [localhost-startStop-1] org.springframework.web.context.support.StandardServletEnvironment Line:109 - Adding [systemEnvironment] PropertySource with lowest search precedence
2018-05-11 16:40:04.065 DEBUG [localhost-startStop-1] org.springframework.web.context.support.StandardServletEnvironment Line:124 - Initialized StandardServletEnvironment with PropertySources [servletConfigInitParams,servletContextInitParams,systemProperties,systemEnvironment]
2018-05-11 16:40:04.087 DEBUG [localhost-startStop-1] org.springframework.web.context.support.StandardServletEnvironment Line:109 - Adding [servletConfigInitParams] PropertySource with lowest search precedence
2018-05-11 16:40:04.087 DEBUG [localhost-startStop-1] org.springframework.web.context.support.StandardServletEnvironment Line:109 - Adding [servletContextInitParams] PropertySource with lowest search precedence
2018-05-11 16:40:04.088 DEBUG [localhost-startStop-1] org.springframework.web.context.support.StandardServletEnvironment Line:109 - Adding [systemProperties] PropertySource with lowest search precedence
2018-05-11 16:40:04.088 DEBUG [localhost-startStop-1] org.springframework.web.context.support.StandardServletEnvironment Line:109 - Adding [systemEnvironment] PropertySource with lowest search precedence
2018-05-11 16:40:04.089 DEBUG [localhost-startStop-1] org.springframework.web.context.support.StandardServletEnvironment Line:124 - Initialized StandardServletEnvironment with PropertySources [servletConfigInitParams,servletContextInitParams,systemProperties,systemEnvironment]
2018-05-11 16:40:04.175 DEBUG [main] org.springframework.web.context.support.StandardServletEnvironment Line:174 - Replacing [servletContextInitParams] PropertySource with [servletContextInitParams]
2018-05-11 16:40:08.545 DEBUG [main] org.springframework.web.servlet.mvc.method.annotation.RequestMappingHandlerMapping Line:195 - Looking for request mappings in application context: org.springframework.boot.context.embedded.AnnotationConfigEmbeddedWebApplicationContext@69f1a286: startup date [Fri May 11 16:39:59 CST 2018]; root of context hierarchy
2018-05-11 16:40:08.561 DEBUG [main] org.springframework.web.servlet.mvc.method.annotation.RequestMappingHandlerMapping Line:245 - 4 request handler methods found on class com.bizdata.test.controller.ProductionController: {public java.lang.String com.bizdata.test.controller.ProductionController.createProduction(java.lang.String,java.lang.String,java.lang.String,java.lang.String)={[/production/createProduction],methods=[GET]}, public java.lang.String com.bizdata.test.controller.ProductionController.queryProduction(java.lang.String,java.lang.String,java.lang.String)={[/production/queryProduction],methods=[GET]}, public java.lang.String com.bizdata.test.controller.ProductionController.selectProductionAll()={[/production/selectProductionAll],methods=[GET]}, public java.lang.String com.bizdata.test.controller.ProductionController.getProductionListByUserSn(java.lang.String,java.lang.String,java.lang.String)={[/production/getProductionListByUserSn],methods=[GET]}}
2018-05-11 16:40:08.566 DEBUG [main] org.springframework.web.servlet.mvc.method.annotation.RequestMappingHandlerMapping Line:245 - 2 request handler methods found on class org.springframework.boot.autoconfigure.web.BasicErrorController: {public org.springframework.http.ResponseEntity org.springframework.boot.autoconfigure.web.BasicErrorController.error(javax.servlet.http.HttpServletRequest)={[/error]}, public org.springframework.web.servlet.ModelAndView org.springframework.boot.autoconfigure.web.BasicErrorController.errorHtml(javax.servlet.http.HttpServletRequest,javax.servlet.http.HttpServletResponse)={[/error],produces=[text/html]}}
2018-05-11 16:40:08.604 DEBUG [main] org.springframework.web.servlet.handler.BeanNameUrlHandlerMapping Line:71  - Looking for URL mappings in application context: org.springframework.boot.context.embedded.AnnotationConfigEmbeddedWebApplicationContext@69f1a286: startup date [Fri May 11 16:39:59 CST 2018]; root of context hierarchy
2018-05-11 16:40:08.604 DEBUG [main] org.springframework.web.servlet.handler.BeanNameUrlHandlerMapping Line:86  - Rejected bean name 'org.springframework.context.annotation.internalConfigurationAnnotationProcessor': no URL paths identified
2018-05-11 16:40:08.605 DEBUG [main] org.springframework.web.servlet.handler.BeanNameUrlHandlerMapping Line:86  - Rejected bean name 'org.springframework.context.annotation.internalAutowiredAnnotationProcessor': no URL paths identified
2018-05-11 16:40:08.606 DEBUG [main] org.springframework.web.servlet.handler.BeanNameUrlHandlerMapping Line:86  - Rejected bean name 'org.springframework.context.annotation.internalRequiredAnnotationProcessor': no URL paths identified
2018-05-11 16:40:08.606 DEBUG [main] org.springframework.web.servlet.handler.BeanNameUrlHandlerMapping Line:86  - Rejected bean name 'org.springframework.context.annotation.internalCommonAnnotationProcessor': no URL paths identified
2018-05-11 16:40:08.606 DEBUG [main] org.springframework.web.servlet.handler.BeanNameUrlHandlerMapping Line:86  - Rejected bean name 'org.springframework.context.annotation.internalPersistenceAnnotationProcessor': no URL paths identified
2018-05-11 16:40:08.606 DEBUG [main] org.springframework.web.servlet.handler.BeanNameUrlHandlerMapping Line:86  - Rejected bean name 'org.springframework.context.event.internalEventListenerProcessor': no URL paths identified
2018-05-11 16:40:08.606 DEBUG [main] org.springframework.web.servlet.handler.BeanNameUrlHandlerMapping Line:86  - Rejected bean name 'org.springframework.context.event.internalEventListenerFactory': no URL paths identified
2018-05-11 16:40:08.606 DEBUG [main] org.springframework.web.servlet.handler.BeanNameUrlHandlerMapping Line:86  - Rejected bean name 'applicationSharding': no URL paths identified
2018-05-11 16:40:08.607 DEBUG [main] org.springframework.web.servlet.handler.BeanNameUrlHandlerMapping Line:86  - Rejected bean name 'org.springframework.boot.autoconfigure.internalCachingMetadataReaderFactory': no URL paths identified
2018-05-11 16:40:08.607 DEBUG [main] org.springframework.web.servlet.handler.BeanNameUrlHandlerMapping Line:86  - Rejected bean name 'org.springframework.context.annotation.ConfigurationClassPostProcessor.importAwareProcessor': no URL paths identified
2018-05-11 16:40:08.607 DEBUG [main] org.springframework.web.servlet.handler.BeanNameUrlHandlerMapping Line:86  - Rejected bean name 'org.springframework.context.annotation.ConfigurationClassPostProcessor.enhancedConfigurationProcessor': no URL paths identified
2018-05-11 16:40:08.608 DEBUG [main] org.springframework.web.servlet.handler.BeanNameUrlHandlerMapping Line:86  - Rejected bean name 'multipleTableShardingAlgorithm': no URL paths identified
2018-05-11 16:40:08.609 DEBUG [main] org.springframework.web.servlet.handler.BeanNameUrlHandlerMapping Line:86  - Rejected bean name 'singleTableShardingAlgorithm': no URL paths identified
2018-05-11 16:40:08.609 DEBUG [main] org.springframework.web.servlet.handler.BeanNameUrlHandlerMapping Line:86  - Rejected bean name 'mybatisConfigurationScanner': no URL paths identified
2018-05-11 16:40:08.609 DEBUG [main] org.springframework.web.servlet.handler.BeanNameUrlHandlerMapping Line:86  - Rejected bean name 'shardDataSourceConfig': no URL paths identified
2018-05-11 16:40:08.610 DEBUG [main] org.springframework.web.servlet.handler.BeanNameUrlHandlerMapping Line:86  - Rejected bean name 'shardDataSourceProperties': no URL paths identified
2018-05-11 16:40:08.610 DEBUG [main] org.springframework.web.servlet.handler.BeanNameUrlHandlerMapping Line:86  - Rejected bean name 'xmlConfiguration': no URL paths identified
2018-05-11 16:40:08.610 DEBUG [main] org.springframework.web.servlet.handler.BeanNameUrlHandlerMapping Line:86  - Rejected bean name 'productionController': no URL paths identified
2018-05-11 16:40:08.610 DEBUG [main] org.springframework.web.servlet.handler.BeanNameUrlHandlerMapping Line:86  - Rejected bean name 'productionService': no URL paths identified
2018-05-11 16:40:08.610 DEBUG [main] org.springframework.web.servlet.handler.BeanNameUrlHandlerMapping Line:86  - Rejected bean name 'tableCollectionService': no URL paths identified
2018-05-11 16:40:08.610 DEBUG [main] org.springframework.web.servlet.handler.BeanNameUrlHandlerMapping Line:86  - Rejected bean name 'tableCollectionTask': no URL paths identified
2018-05-11 16:40:08.611 DEBUG [main] org.springframework.web.servlet.handler.BeanNameUrlHandlerMapping Line:86  - Rejected bean name 'alpsController': no URL paths identified
2018-05-11 16:40:08.611 DEBUG [main] org.springframework.web.servlet.handler.BeanNameUrlHandlerMapping Line:86  - Rejected bean name 'profileController': no URL paths identified
2018-05-11 16:40:08.611 DEBUG [main] org.springframework.web.servlet.handler.BeanNameUrlHandlerMapping Line:86  - Rejected bean name 'repositoryController': no URL paths identified
2018-05-11 16:40:08.611 DEBUG [main] org.springframework.web.servlet.handler.BeanNameUrlHandlerMapping Line:86  - Rejected bean name 'repositoryEntityController': no URL paths identified
2018-05-11 16:40:08.611 DEBUG [main] org.springframework.web.servlet.handler.BeanNameUrlHandlerMapping Line:86  - Rejected bean name 'repositoryPropertyReferenceController': no URL paths identified
2018-05-11 16:40:08.612 DEBUG [main] org.springframework.web.servlet.handler.BeanNameUrlHandlerMapping Line:86  - Rejected bean name 'repositorySchemaController': no URL paths identified
2018-05-11 16:40:08.612 DEBUG [main] org.springframework.web.servlet.handler.BeanNameUrlHandlerMapping Line:86  - Rejected bean name 'repositorySearchController': no URL paths identified
2018-05-11 16:40:08.612 DEBUG [main] org.springframework.web.servlet.handler.BeanNameUrlHandlerMapping Line:86  - Rejected bean name 'mapperScannerConfigurer': no URL paths identified
2018-05-11 16:40:08.612 DEBUG [main] org.springframework.web.servlet.handler.BeanNameUrlHandlerMapping Line:86  - Rejected bean name 'transactionManager': no URL paths identified
2018-05-11 16:40:08.612 DEBUG [main] org.springframework.web.servlet.handler.BeanNameUrlHandlerMapping Line:86  - Rejected bean name 'shardingDataSource': no URL paths identified
2018-05-11 16:40:08.613 DEBUG [main] org.springframework.web.servlet.handler.BeanNameUrlHandlerMapping Line:86  - Rejected bean name 'sqlSessionFactoryBean': no URL paths identified
2018-05-11 16:40:08.613 DEBUG [main] org.springframework.web.servlet.handler.BeanNameUrlHandlerMapping Line:86  - Rejected bean name 'defaultKeyGenerator': no URL paths identified
2018-05-11 16:40:08.613 DEBUG [main] org.springframework.web.servlet.handler.BeanNameUrlHandlerMapping Line:86  - Rejected bean name 'pageHelper': no URL paths identified
2018-05-11 16:40:08.613 DEBUG [main] org.springframework.web.servlet.handler.BeanNameUrlHandlerMapping Line:86  - Rejected bean name 'spring.datasource-com.bizdata.config.ShardDataSourceProperties': no URL paths identified
2018-05-11 16:40:08.613 DEBUG [main] org.springframework.web.servlet.handler.BeanNameUrlHandlerMapping Line:86  - Rejected bean name 'org.springframework.boot.context.properties.ConfigurationPropertiesBindingPostProcessor': no URL paths identified
2018-05-11 16:40:08.615 DEBUG [main] org.springframework.web.servlet.handler.BeanNameUrlHandlerMapping Line:86  - Rejected bean name 'org.springframework.boot.context.properties.ConfigurationPropertiesBindingPostProcessor.store': no URL paths identified
2018-05-11 16:40:08.615 DEBUG [main] org.springframework.web.servlet.handler.BeanNameUrlHandlerMapping Line:86  - Rejected bean name 'executor': no URL paths identified
2018-05-11 16:40:08.615 DEBUG [main] org.springframework.web.servlet.handler.BeanNameUrlHandlerMapping Line:86  - Rejected bean name 'scheduler': no URL paths identified
2018-05-11 16:40:08.615 DEBUG [main] org.springframework.web.servlet.handler.BeanNameUrlHandlerMapping Line:86  - Rejected bean name 'org.springframework.context.annotation.internalAsyncAnnotationProcessor': no URL paths identified
2018-05-11 16:40:08.616 DEBUG [main] org.springframework.web.servlet.handler.BeanNameUrlHandlerMapping Line:86  - Rejected bean name 'org.springframework.context.annotation.internalScheduledAnnotationProcessor': no URL paths identified
2018-05-11 16:40:08.616 DEBUG [main] org.springframework.web.servlet.handler.BeanNameUrlHandlerMapping Line:86  - Rejected bean name 'org.springframework.scheduling.annotation.SchedulingConfiguration': no URL paths identified
2018-05-11 16:40:08.616 DEBUG [main] org.springframework.web.servlet.handler.BeanNameUrlHandlerMapping Line:86  - Rejected bean name 'org.springframework.boot.autoconfigure.AutoConfigurationPackages': no URL paths identified
2018-05-11 16:40:08.622 DEBUG [main] org.springframework.web.servlet.handler.BeanNameUrlHandlerMapping Line:86  - Rejected bean name 'org.springframework.boot.autoconfigure.PropertyPlaceholderAutoConfiguration': no URL paths identified
2018-05-11 16:40:08.623 DEBUG [main] org.springframework.web.servlet.handler.BeanNameUrlHandlerMapping Line:86  - Rejected bean name 'org.springframework.boot.autoconfigure.condition.BeanTypeRegistry': no URL paths identified
2018-05-11 16:40:08.623 DEBUG [main] org.springframework.web.servlet.handler.BeanNameUrlHandlerMapping Line:86  - Rejected bean name 'propertySourcesPlaceholderConfigurer': no URL paths identified
2018-05-11 16:40:08.623 DEBUG [main] org.springframework.web.servlet.handler.BeanNameUrlHandlerMapping Line:86  - Rejected bean name 'org.springframework.boot.autoconfigure.jackson.JacksonAutoConfiguration$Jackson2ObjectMapperBuilderCustomizerConfiguration': no URL paths identified
2018-05-11 16:40:08.623 DEBUG [main] org.springframework.web.servlet.handler.BeanNameUrlHandlerMapping Line:86  - Rejected bean name 'standardJacksonObjectMapperBuilderCustomizer': no URL paths identified
2018-05-11 16:40:08.623 DEBUG [main] org.springframework.web.servlet.handler.BeanNameUrlHandlerMapping Line:86  - Rejected bean name 'spring.jackson-org.springframework.boot.autoconfigure.jackson.JacksonProperties': no URL paths identified
2018-05-11 16:40:08.623 DEBUG [main] org.springframework.web.servlet.handler.BeanNameUrlHandlerMapping Line:86  - Rejected bean name 'org.springframework.boot.autoconfigure.jackson.JacksonAutoConfiguration$JacksonObjectMapperBuilderConfiguration': no URL paths identified
2018-05-11 16:40:08.624 DEBUG [main] org.springframework.web.servlet.handler.BeanNameUrlHandlerMapping Line:86  - Rejected bean name 'jacksonObjectMapperBuilder': no URL paths identified
2018-05-11 16:40:08.624 DEBUG [main] org.springframework.web.servlet.handler.BeanNameUrlHandlerMapping Line:86  - Rejected bean name 'org.springframework.boot.autoconfigure.jackson.JacksonAutoConfiguration$JacksonObjectMapperConfiguration': no URL paths identified
2018-05-11 16:40:08.624 DEBUG [main] org.springframework.web.servlet.handler.BeanNameUrlHandlerMapping Line:86  - Rejected bean name 'jacksonObjectMapper': no URL paths identified
2018-05-11 16:40:08.624 DEBUG [main] org.springframework.web.servlet.handler.BeanNameUrlHandlerMapping Line:86  - Rejected bean name 'org.springframework.boot.autoconfigure.jackson.JacksonAutoConfiguration': no URL paths identified
2018-05-11 16:40:08.624 DEBUG [main] org.springframework.web.servlet.handler.BeanNameUrlHandlerMapping Line:86  - Rejected bean name 'jsonComponentModule': no URL paths identified
2018-05-11 16:40:08.625 DEBUG [main] org.springframework.web.servlet.handler.BeanNameUrlHandlerMapping Line:86  - Rejected bean name 'org.springframework.boot.autoconfigure.websocket.WebSocketAutoConfiguration$TomcatWebSocketConfiguration': no URL paths identified
2018-05-11 16:40:08.625 DEBUG [main] org.springframework.web.servlet.handler.BeanNameUrlHandlerMapping Line:86  - Rejected bean name 'websocketContainerCustomizer': no URL paths identified
2018-05-11 16:40:08.625 DEBUG [main] org.springframework.web.servlet.handler.BeanNameUrlHandlerMapping Line:86  - Rejected bean name 'org.springframework.boot.autoconfigure.websocket.WebSocketAutoConfiguration': no URL paths identified
2018-05-11 16:40:08.625 DEBUG [main] org.springframework.web.servlet.handler.BeanNameUrlHandlerMapping Line:86  - Rejected bean name 'org.springframework.boot.autoconfigure.web.EmbeddedServletContainerAutoConfiguration$EmbeddedTomcat': no URL paths identified
2018-05-11 16:40:08.625 DEBUG [main] org.springframework.web.servlet.handler.BeanNameUrlHandlerMapping Line:86  - Rejected bean name 'tomcatEmbeddedServletContainerFactory': no URL paths identified
2018-05-11 16:40:08.625 DEBUG [main] org.springframework.web.servlet.handler.BeanNameUrlHandlerMapping Line:86  - Rejected bean name 'org.springframework.boot.autoconfigure.web.EmbeddedServletContainerAutoConfiguration': no URL paths identified
2018-05-11 16:40:08.626 DEBUG [main] org.springframework.web.servlet.handler.BeanNameUrlHandlerMapping Line:86  - Rejected bean name 'embeddedServletContainerCustomizerBeanPostProcessor': no URL paths identified
2018-05-11 16:40:08.628 DEBUG [main] org.springframework.web.servlet.handler.BeanNameUrlHandlerMapping Line:86  - Rejected bean name 'errorPageRegistrarBeanPostProcessor': no URL paths identified
2018-05-11 16:40:08.629 DEBUG [main] org.springframework.web.servlet.handler.BeanNameUrlHandlerMapping Line:86  - Rejected bean name 'org.springframework.boot.autoconfigure.web.DispatcherServletAutoConfiguration$DispatcherServletConfiguration': no URL paths identified
2018-05-11 16:40:08.629 DEBUG [main] org.springframework.web.servlet.handler.BeanNameUrlHandlerMapping Line:86  - Rejected bean name 'dispatcherServlet': no URL paths identified
2018-05-11 16:40:08.629 DEBUG [main] org.springframework.web.servlet.handler.BeanNameUrlHandlerMapping Line:86  - Rejected bean name 'spring.mvc-org.springframework.boot.autoconfigure.web.WebMvcProperties': no URL paths identified
2018-05-11 16:40:08.629 DEBUG [main] org.springframework.web.servlet.handler.BeanNameUrlHandlerMapping Line:86  - Rejected bean name 'org.springframework.boot.autoconfigure.web.DispatcherServletAutoConfiguration$DispatcherServletRegistrationConfiguration': no URL paths identified
2018-05-11 16:40:08.629 DEBUG [main] org.springframework.web.servlet.handler.BeanNameUrlHandlerMapping Line:86  - Rejected bean name 'dispatcherServletRegistration': no URL paths identified
2018-05-11 16:40:08.629 DEBUG [main] org.springframework.web.servlet.handler.BeanNameUrlHandlerMapping Line:86  - Rejected bean name 'org.springframework.boot.autoconfigure.web.DispatcherServletAutoConfiguration': no URL paths identified
2018-05-11 16:40:08.630 DEBUG [main] org.springframework.web.servlet.handler.BeanNameUrlHandlerMapping Line:86  - Rejected bean name 'org.springframework.boot.autoconfigure.web.ErrorMvcAutoConfiguration$WhitelabelErrorViewConfiguration': no URL paths identified
2018-05-11 16:40:08.630 DEBUG [main] org.springframework.web.servlet.handler.BeanNameUrlHandlerMapping Line:86  - Rejected bean name 'error': no URL paths identified
2018-05-11 16:40:08.630 DEBUG [main] org.springframework.web.servlet.handler.BeanNameUrlHandlerMapping Line:86  - Rejected bean name 'beanNameViewResolver': no URL paths identified
2018-05-11 16:40:08.630 DEBUG [main] org.springframework.web.servlet.handler.BeanNameUrlHandlerMapping Line:86  - Rejected bean name 'org.springframework.boot.autoconfigure.web.ErrorMvcAutoConfiguration': no URL paths identified
2018-05-11 16:40:08.630 DEBUG [main] org.springframework.web.servlet.handler.BeanNameUrlHandlerMapping Line:86  - Rejected bean name 'errorAttributes': no URL paths identified
2018-05-11 16:40:08.630 DEBUG [main] org.springframework.web.servlet.handler.BeanNameUrlHandlerMapping Line:86  - Rejected bean name 'basicErrorController': no URL paths identified
2018-05-11 16:40:08.631 DEBUG [main] org.springframework.web.servlet.handler.BeanNameUrlHandlerMapping Line:86  - Rejected bean name 'errorPageCustomizer': no URL paths identified
2018-05-11 16:40:08.631 DEBUG [main] org.springframework.web.servlet.handler.BeanNameUrlHandlerMapping Line:86  - Rejected bean name 'conventionErrorViewResolver': no URL paths identified
2018-05-11 16:40:08.631 DEBUG [main] org.springframework.web.servlet.handler.BeanNameUrlHandlerMapping Line:86  - Rejected bean name 'preserveErrorControllerTargetClassPostProcessor': no URL paths identified
2018-05-11 16:40:08.631 DEBUG [main] org.springframework.web.servlet.handler.BeanNameUrlHandlerMapping Line:86  - Rejected bean name 'spring.resources-org.springframework.boot.autoconfigure.web.ResourceProperties': no URL paths identified
2018-05-11 16:40:08.631 DEBUG [main] org.springframework.web.servlet.handler.BeanNameUrlHandlerMapping Line:86  - Rejected bean name 'org.springframework.boot.autoconfigure.web.WebMvcAutoConfiguration$EnableWebMvcConfiguration': no URL paths identified
2018-05-11 16:40:08.631 DEBUG [main] org.springframework.web.servlet.handler.BeanNameUrlHandlerMapping Line:86  - Rejected bean name 'requestMappingHandlerAdapter': no URL paths identified
2018-05-11 16:40:08.631 DEBUG [main] org.springframework.web.servlet.handler.BeanNameUrlHandlerMapping Line:86  - Rejected bean name 'requestMappingHandlerMapping': no URL paths identified
2018-05-11 16:40:08.632 DEBUG [main] org.springframework.web.servlet.handler.BeanNameUrlHandlerMapping Line:86  - Rejected bean name 'mvcPathMatcher': no URL paths identified
2018-05-11 16:40:08.632 DEBUG [main] org.springframework.web.servlet.handler.BeanNameUrlHandlerMapping Line:86  - Rejected bean name 'mvcUrlPathHelper': no URL paths identified
2018-05-11 16:40:08.632 DEBUG [main] org.springframework.web.servlet.handler.BeanNameUrlHandlerMapping Line:86  - Rejected bean name 'mvcContentNegotiationManager': no URL paths identified
2018-05-11 16:40:08.632 DEBUG [main] org.springframework.web.servlet.handler.BeanNameUrlHandlerMapping Line:86  - Rejected bean name 'viewControllerHandlerMapping': no URL paths identified
2018-05-11 16:40:08.632 DEBUG [main] org.springframework.web.servlet.handler.BeanNameUrlHandlerMapping Line:86  - Rejected bean name 'beanNameHandlerMapping': no URL paths identified
2018-05-11 16:40:08.632 DEBUG [main] org.springframework.web.servlet.handler.BeanNameUrlHandlerMapping Line:86  - Rejected bean name 'resourceHandlerMapping': no URL paths identified
2018-05-11 16:40:08.633 DEBUG [main] org.springframework.web.servlet.handler.BeanNameUrlHandlerMapping Line:86  - Rejected bean name 'mvcResourceUrlProvider': no URL paths identified
2018-05-11 16:40:08.633 DEBUG [main] org.springframework.web.servlet.handler.BeanNameUrlHandlerMapping Line:86  - Rejected bean name 'defaultServletHandlerMapping': no URL paths identified
2018-05-11 16:40:08.633 DEBUG [main] org.springframework.web.servlet.handler.BeanNameUrlHandlerMapping Line:86  - Rejected bean name 'mvcConversionService': no URL paths identified
2018-05-11 16:40:08.633 DEBUG [main] org.springframework.web.servlet.handler.BeanNameUrlHandlerMapping Line:86  - Rejected bean name 'mvcValidator': no URL paths identified
2018-05-11 16:40:08.633 DEBUG [main] org.springframework.web.servlet.handler.BeanNameUrlHandlerMapping Line:86  - Rejected bean name 'mvcUriComponentsContributor': no URL paths identified
2018-05-11 16:40:08.633 DEBUG [main] org.springframework.web.servlet.handler.BeanNameUrlHandlerMapping Line:86  - Rejected bean name 'httpRequestHandlerAdapter': no URL paths identified
2018-05-11 16:40:08.634 DEBUG [main] org.springframework.web.servlet.handler.BeanNameUrlHandlerMapping Line:86  - Rejected bean name 'simpleControllerHandlerAdapter': no URL paths identified
2018-05-11 16:40:08.634 DEBUG [main] org.springframework.web.servlet.handler.BeanNameUrlHandlerMapping Line:86  - Rejected bean name 'handlerExceptionResolver': no URL paths identified
2018-05-11 16:40:08.634 DEBUG [main] org.springframework.web.servlet.handler.BeanNameUrlHandlerMapping Line:86  - Rejected bean name 'mvcViewResolver': no URL paths identified
2018-05-11 16:40:08.634 DEBUG [main] org.springframework.web.servlet.handler.BeanNameUrlHandlerMapping Line:86  - Rejected bean name 'org.springframework.boot.autoconfigure.web.WebMvcAutoConfiguration$WebMvcAutoConfigurationAdapter$FaviconConfiguration': no URL paths identified
2018-05-11 16:40:08.634 DEBUG [main] org.springframework.web.servlet.handler.BeanNameUrlHandlerMapping Line:86  - Rejected bean name 'faviconHandlerMapping': no URL paths identified
2018-05-11 16:40:08.634 DEBUG [main] org.springframework.web.servlet.handler.BeanNameUrlHandlerMapping Line:86  - Rejected bean name 'faviconRequestHandler': no URL paths identified
2018-05-11 16:40:08.635 DEBUG [main] org.springframework.web.servlet.handler.BeanNameUrlHandlerMapping Line:86  - Rejected bean name 'org.springframework.boot.autoconfigure.web.WebMvcAutoConfiguration$WebMvcAutoConfigurationAdapter': no URL paths identified
2018-05-11 16:40:08.635 DEBUG [main] org.springframework.web.servlet.handler.BeanNameUrlHandlerMapping Line:86  - Rejected bean name 'defaultViewResolver': no URL paths identified
2018-05-11 16:40:08.635 DEBUG [main] org.springframework.web.servlet.handler.BeanNameUrlHandlerMapping Line:86  - Rejected bean name 'viewResolver': no URL paths identified
2018-05-11 16:40:08.635 DEBUG [main] org.springframework.web.servlet.handler.BeanNameUrlHandlerMapping Line:86  - Rejected bean name 'welcomePageHandlerMapping': no URL paths identified
2018-05-11 16:40:08.635 DEBUG [main] org.springframework.web.servlet.handler.BeanNameUrlHandlerMapping Line:86  - Rejected bean name 'requestContextFilter': no URL paths identified
2018-05-11 16:40:08.635 DEBUG [main] org.springframework.web.servlet.handler.BeanNameUrlHandlerMapping Line:86  - Rejected bean name 'org.springframework.boot.autoconfigure.web.WebMvcAutoConfiguration': no URL paths identified
2018-05-11 16:40:08.636 DEBUG [main] org.springframework.web.servlet.handler.BeanNameUrlHandlerMapping Line:86  - Rejected bean name 'hiddenHttpMethodFilter': no URL paths identified
2018-05-11 16:40:08.636 DEBUG [main] org.springframework.web.servlet.handler.BeanNameUrlHandlerMapping Line:86  - Rejected bean name 'httpPutFormContentFilter': no URL paths identified
2018-05-11 16:40:08.636 DEBUG [main] org.springframework.web.servlet.handler.BeanNameUrlHandlerMapping Line:86  - Rejected bean name 'org.springframework.boot.autoconfigure.transaction.jta.JtaAutoConfiguration': no URL paths identified
2018-05-11 16:40:08.636 DEBUG [main] org.springframework.web.servlet.handler.BeanNameUrlHandlerMapping Line:86  - Rejected bean name 'spring.jta-org.springframework.boot.autoconfigure.transaction.jta.JtaProperties': no URL paths identified
2018-05-11 16:40:08.636 DEBUG [main] org.springframework.web.servlet.handler.BeanNameUrlHandlerMapping Line:86  - Rejected bean name 'org.springframework.boot.autoconfigure.jdbc.metadata.DataSourcePoolMetadataProvidersConfiguration$CommonsDbcpPoolDataSourceMetadataProviderConfiguration': no URL paths identified
2018-05-11 16:40:08.636 DEBUG [main] org.springframework.web.servlet.handler.BeanNameUrlHandlerMapping Line:86  - Rejected bean name 'commonsDbcpPoolDataSourceMetadataProvider': no URL paths identified
2018-05-11 16:40:08.637 DEBUG [main] org.springframework.web.servlet.handler.BeanNameUrlHandlerMapping Line:86  - Rejected bean name 'org.springframework.boot.autoconfigure.jdbc.metadata.DataSourcePoolMetadataProvidersConfiguration$TomcatDataSourcePoolMetadataProviderConfiguration': no URL paths identified
2018-05-11 16:40:08.637 DEBUG [main] org.springframework.web.servlet.handler.BeanNameUrlHandlerMapping Line:86  - Rejected bean name 'tomcatPoolDataSourceMetadataProvider': no URL paths identified
2018-05-11 16:40:08.637 DEBUG [main] org.springframework.web.servlet.handler.BeanNameUrlHandlerMapping Line:86  - Rejected bean name 'org.springframework.boot.autoconfigure.jdbc.metadata.DataSourcePoolMetadataProvidersConfiguration': no URL paths identified
2018-05-11 16:40:08.637 DEBUG [main] org.springframework.web.servlet.handler.BeanNameUrlHandlerMapping Line:86  - Rejected bean name 'org.springframework.boot.autoconfigure.jdbc.DataSourceAutoConfiguration': no URL paths identified
2018-05-11 16:40:08.637 DEBUG [main] org.springframework.web.servlet.handler.BeanNameUrlHandlerMapping Line:86  - Rejected bean name 'dataSourceInitializer': no URL paths identified
2018-05-11 16:40:08.638 DEBUG [main] org.springframework.web.servlet.handler.BeanNameUrlHandlerMapping Line:86  - Rejected bean name 'spring.datasource-org.springframework.boot.autoconfigure.jdbc.DataSourceProperties': no URL paths identified
2018-05-11 16:40:08.638 DEBUG [main] org.springframework.web.servlet.handler.BeanNameUrlHandlerMapping Line:86  - Rejected bean name 'dataSourceInitializerPostProcessor': no URL paths identified
2018-05-11 16:40:08.638 DEBUG [main] org.springframework.web.servlet.handler.BeanNameUrlHandlerMapping Line:86  - Rejected bean name 'org.mybatis.spring.boot.autoconfigure.MybatisAutoConfiguration$MapperScannerRegistrarNotFoundConfiguration': no URL paths identified
2018-05-11 16:40:08.638 DEBUG [main] org.springframework.web.servlet.handler.BeanNameUrlHandlerMapping Line:86  - Rejected bean name 'org.mybatis.spring.boot.autoconfigure.MybatisAutoConfiguration': no URL paths identified
2018-05-11 16:40:08.638 DEBUG [main] org.springframework.web.servlet.handler.BeanNameUrlHandlerMapping Line:86  - Rejected bean name 'sqlSessionTemplate': no URL paths identified
2018-05-11 16:40:08.639 DEBUG [main] org.springframework.web.servlet.handler.BeanNameUrlHandlerMapping Line:86  - Rejected bean name 'mybatis-org.mybatis.spring.boot.autoconfigure.MybatisProperties': no URL paths identified
2018-05-11 16:40:08.639 DEBUG [main] org.springframework.web.servlet.handler.BeanNameUrlHandlerMapping Line:86  - Rejected bean name 'org.springframework.boot.autoconfigure.jmx.JmxAutoConfiguration': no URL paths identified
2018-05-11 16:40:08.639 DEBUG [main] org.springframework.web.servlet.handler.BeanNameUrlHandlerMapping Line:86  - Rejected bean name 'mbeanExporter': no URL paths identified
2018-05-11 16:40:08.639 DEBUG [main] org.springframework.web.servlet.handler.BeanNameUrlHandlerMapping Line:86  - Rejected bean name 'objectNamingStrategy': no URL paths identified
2018-05-11 16:40:08.639 DEBUG [main] org.springframework.web.servlet.handler.BeanNameUrlHandlerMapping Line:86  - Rejected bean name 'mbeanServer': no URL paths identified
2018-05-11 16:40:08.640 DEBUG [main] org.springframework.web.servlet.handler.BeanNameUrlHandlerMapping Line:86  - Rejected bean name 'org.springframework.boot.autoconfigure.aop.AopAutoConfiguration$JdkDynamicAutoProxyConfiguration': no URL paths identified
2018-05-11 16:40:08.640 DEBUG [main] org.springframework.web.servlet.handler.BeanNameUrlHandlerMapping Line:86  - Rejected bean name 'org.springframework.aop.config.internalAutoProxyCreator': no URL paths identified
2018-05-11 16:40:08.640 DEBUG [main] org.springframework.web.servlet.handler.BeanNameUrlHandlerMapping Line:86  - Rejected bean name 'org.springframework.boot.autoconfigure.aop.AopAutoConfiguration': no URL paths identified
2018-05-11 16:40:08.640 DEBUG [main] org.springframework.web.servlet.handler.BeanNameUrlHandlerMapping Line:86  - Rejected bean name 'org.springframework.boot.autoconfigure.orm.jpa.JpaBaseConfiguration$JpaWebConfiguration$JpaWebMvcConfiguration': no URL paths identified
2018-05-11 16:40:08.640 DEBUG [main] org.springframework.web.servlet.handler.BeanNameUrlHandlerMapping Line:86  - Rejected bean name 'openEntityManagerInViewInterceptor': no URL paths identified
2018-05-11 16:40:08.641 DEBUG [main] org.springframework.web.servlet.handler.BeanNameUrlHandlerMapping Line:86  - Rejected bean name 'org.springframework.boot.autoconfigure.orm.jpa.JpaBaseConfiguration$JpaWebConfiguration': no URL paths identified
2018-05-11 16:40:08.641 DEBUG [main] org.springframework.web.servlet.handler.BeanNameUrlHandlerMapping Line:86  - Rejected bean name 'org.springframework.boot.autoconfigure.orm.jpa.HibernateJpaAutoConfiguration': no URL paths identified
2018-05-11 16:40:08.641 DEBUG [main] org.springframework.web.servlet.handler.BeanNameUrlHandlerMapping Line:86  - Rejected bean name 'jpaVendorAdapter': no URL paths identified
2018-05-11 16:40:08.641 DEBUG [main] org.springframework.web.servlet.handler.BeanNameUrlHandlerMapping Line:86  - Rejected bean name 'entityManagerFactoryBuilder': no URL paths identified
2018-05-11 16:40:08.641 DEBUG [main] org.springframework.web.servlet.handler.BeanNameUrlHandlerMapping Line:86  - Rejected bean name 'entityManagerFactory': no URL paths identified
2018-05-11 16:40:08.641 DEBUG [main] org.springframework.web.servlet.handler.BeanNameUrlHandlerMapping Line:86  - Rejected bean name 'spring.jpa-org.springframework.boot.autoconfigure.orm.jpa.JpaProperties': no URL paths identified
2018-05-11 16:40:08.642 DEBUG [main] org.springframework.web.servlet.handler.BeanNameUrlHandlerMapping Line:86  - Rejected bean name 'dataSourceInitializedPublisher': no URL paths identified
2018-05-11 16:40:08.642 DEBUG [main] org.springframework.web.servlet.handler.BeanNameUrlHandlerMapping Line:86  - Rejected bean name 'org.springframework.boot.autoconfigure.context.ConfigurationPropertiesAutoConfiguration': no URL paths identified
2018-05-11 16:40:08.642 DEBUG [main] org.springframework.web.servlet.handler.BeanNameUrlHandlerMapping Line:86  - Rejected bean name 'org.springframework.boot.autoconfigure.dao.PersistenceExceptionTranslationAutoConfiguration': no URL paths identified
2018-05-11 16:40:08.642 DEBUG [main] org.springframework.web.servlet.handler.BeanNameUrlHandlerMapping Line:86  - Rejected bean name 'persistenceExceptionTranslationPostProcessor': no URL paths identified
2018-05-11 16:40:08.642 DEBUG [main] org.springframework.web.servlet.handler.BeanNameUrlHandlerMapping Line:86  - Rejected bean name 'org.springframework.boot.autoconfigure.data.jpa.JpaRepositoriesAutoConfiguration': no URL paths identified
2018-05-11 16:40:08.643 DEBUG [main] org.springframework.web.servlet.handler.BeanNameUrlHandlerMapping Line:86  - Rejected bean name 'org.springframework.data.repository.core.support.RepositoryFactoryBeanSupport_Predictor': no URL paths identified
2018-05-11 16:40:08.643 DEBUG [main] org.springframework.web.servlet.handler.BeanNameUrlHandlerMapping Line:86  - Rejected bean name 'emBeanDefinitionRegistrarPostProcessor': no URL paths identified
2018-05-11 16:40:08.643 DEBUG [main] org.springframework.web.servlet.handler.BeanNameUrlHandlerMapping Line:86  - Rejected bean name 'jpaMappingContext': no URL paths identified
2018-05-11 16:40:08.643 DEBUG [main] org.springframework.web.servlet.handler.BeanNameUrlHandlerMapping Line:86  - Rejected bean name 'jpaContext': no URL paths identified
2018-05-11 16:40:08.643 DEBUG [main] org.springframework.web.servlet.handler.BeanNameUrlHandlerMapping Line:86  - Rejected bean name 'org.springframework.boot.autoconfigure.web.HttpMessageConvertersAutoConfiguration$StringHttpMessageConverterConfiguration': no URL paths identified
2018-05-11 16:40:08.643 DEBUG [main] org.springframework.web.servlet.handler.BeanNameUrlHandlerMapping Line:86  - Rejected bean name 'stringHttpMessageConverter': no URL paths identified
2018-05-11 16:40:08.643 DEBUG [main] org.springframework.web.servlet.handler.BeanNameUrlHandlerMapping Line:86  - Rejected bean name 'spring.http.encoding-org.springframework.boot.autoconfigure.web.HttpEncodingProperties': no URL paths identified
2018-05-11 16:40:08.644 DEBUG [main] org.springframework.web.servlet.handler.BeanNameUrlHandlerMapping Line:86  - Rejected bean name 'org.springframework.boot.autoconfigure.web.JacksonHttpMessageConvertersConfiguration$MappingJackson2HttpMessageConverterConfiguration': no URL paths identified
2018-05-11 16:40:08.644 DEBUG [main] org.springframework.web.servlet.handler.BeanNameUrlHandlerMapping Line:86  - Rejected bean name 'mappingJackson2HttpMessageConverter': no URL paths identified
2018-05-11 16:40:08.644 DEBUG [main] org.springframework.web.servlet.handler.BeanNameUrlHandlerMapping Line:86  - Rejected bean name 'org.springframework.boot.autoconfigure.web.JacksonHttpMessageConvertersConfiguration': no URL paths identified
2018-05-11 16:40:08.644 DEBUG [main] org.springframework.web.servlet.handler.BeanNameUrlHandlerMapping Line:86  - Rejected bean name 'org.springframework.boot.autoconfigure.web.HttpMessageConvertersAutoConfiguration': no URL paths identified
2018-05-11 16:40:08.644 DEBUG [main] org.springframework.web.servlet.handler.BeanNameUrlHandlerMapping Line:86  - Rejected bean name 'messageConverters': no URL paths identified
2018-05-11 16:40:08.644 DEBUG [main] org.springframework.web.servlet.handler.BeanNameUrlHandlerMapping Line:86  - Rejected bean name 'org.springframework.hateoas.config.HateoasConfiguration': no URL paths identified
2018-05-11 16:40:08.645 DEBUG [main] org.springframework.web.servlet.handler.BeanNameUrlHandlerMapping Line:86  - Rejected bean name 'linkRelationMessageSource': no URL paths identified
2018-05-11 16:40:08.645 DEBUG [main] org.springframework.web.servlet.handler.BeanNameUrlHandlerMapping Line:86  - Rejected bean name 'org.springframework.data.web.config.SpringDataJacksonConfiguration': no URL paths identified
2018-05-11 16:40:08.645 DEBUG [main] org.springframework.web.servlet.handler.BeanNameUrlHandlerMapping Line:86  - Rejected bean name 'jacksonGeoModule': no URL paths identified
2018-05-11 16:40:08.645 DEBUG [main] org.springframework.web.servlet.handler.BeanNameUrlHandlerMapping Line:86  - Rejected bean name 'org.springframework.data.rest.webmvc.config.RepositoryRestMvcConfiguration': no URL paths identified
2018-05-11 16:40:08.650 DEBUG [main] org.springframework.web.servlet.handler.BeanNameUrlHandlerMapping Line:86  - Rejected bean name 'repositories': no URL paths identified
2018-05-11 16:40:08.651 DEBUG [main] org.springframework.web.servlet.handler.BeanNameUrlHandlerMapping Line:86  - Rejected bean name 'repositoryRelProvider': no URL paths identified
2018-05-11 16:40:08.651 DEBUG [main] org.springframework.web.servlet.handler.BeanNameUrlHandlerMapping Line:86  - Rejected bean name 'persistentEntities': no URL paths identified
2018-05-11 16:40:08.651 DEBUG [main] org.springframework.web.servlet.handler.BeanNameUrlHandlerMapping Line:86  - Rejected bean name 'defaultConversionService': no URL paths identified
2018-05-11 16:40:08.651 DEBUG [main] org.springframework.web.servlet.handler.BeanNameUrlHandlerMapping Line:86  - Rejected bean name 'validatingRepositoryEventListener': no URL paths identified
2018-05-11 16:40:08.651 DEBUG [main] org.springframework.web.servlet.handler.BeanNameUrlHandlerMapping Line:86  - Rejected bean name 'jpaHelper': no URL paths identified
2018-05-11 16:40:08.651 DEBUG [main] org.springframework.web.servlet.handler.BeanNameUrlHandlerMapping Line:86  - Rejected bean name 'config': no URL paths identified
2018-05-11 16:40:08.652 DEBUG [main] org.springframework.web.servlet.handler.BeanNameUrlHandlerMapping Line:86  - Rejected bean name 'projectionDefinitionRegistrar': no URL paths identified
2018-05-11 16:40:08.652 DEBUG [main] org.springframework.web.servlet.handler.BeanNameUrlHandlerMapping Line:86  - Rejected bean name 'metadataConfiguration': no URL paths identified
2018-05-11 16:40:08.652 DEBUG [main] org.springframework.web.servlet.handler.BeanNameUrlHandlerMapping Line:86  - Rejected bean name 'baseUri': no URL paths identified
2018-05-11 16:40:08.652 DEBUG [main] org.springframework.web.servlet.handler.BeanNameUrlHandlerMapping Line:86  - Rejected bean name 'annotatedEventHandlerInvoker': no URL paths identified
2018-05-11 16:40:08.652 DEBUG [main] org.springframework.web.servlet.handler.BeanNameUrlHandlerMapping Line:86  - Rejected bean name 'domainObjectMerger': no URL paths identified
2018-05-11 16:40:08.652 DEBUG [main] org.springframework.web.servlet.handler.BeanNameUrlHandlerMapping Line:86  - Rejected bean name 'serverHttpRequestMethodArgumentResolver': no URL paths identified
2018-05-11 16:40:08.652 DEBUG [main] org.springframework.web.servlet.handler.BeanNameUrlHandlerMapping Line:86  - Rejected bean name 'repoRequestArgumentResolver': no URL paths identified
2018-05-11 16:40:08.652 DEBUG [main] org.springframework.web.servlet.handler.BeanNameUrlHandlerMapping Line:86  - Rejected bean name 'resourceMetadataHandlerMethodArgumentResolver': no URL paths identified
2018-05-11 16:40:08.653 DEBUG [main] org.springframework.web.servlet.handler.BeanNameUrlHandlerMapping Line:86  - Rejected bean name 'backendIdHandlerMethodArgumentResolver': no URL paths identified
2018-05-11 16:40:08.653 DEBUG [main] org.springframework.web.servlet.handler.BeanNameUrlHandlerMapping Line:86  - Rejected bean name 'eTagArgumentResolver': no URL paths identified
2018-05-11 16:40:08.653 DEBUG [main] org.springframework.web.servlet.handler.BeanNameUrlHandlerMapping Line:86  - Rejected bean name 'entityLinks': no URL paths identified
2018-05-11 16:40:08.653 DEBUG [main] org.springframework.web.servlet.handler.BeanNameUrlHandlerMapping Line:86  - Rejected bean name 'persistentEntityArgumentResolver': no URL paths identified
2018-05-11 16:40:08.653 DEBUG [main] org.springframework.web.servlet.handler.BeanNameUrlHandlerMapping Line:86  - Rejected bean name 'jsonSchemaConverter': no URL paths identified
2018-05-11 16:40:08.653 DEBUG [main] org.springframework.web.servlet.handler.BeanNameUrlHandlerMapping Line:86  - Rejected bean name 'resourceDescriptionMessageSourceAccessor': no URL paths identified
2018-05-11 16:40:08.653 DEBUG [main] org.springframework.web.servlet.handler.BeanNameUrlHandlerMapping Line:86  - Rejected bean name 'objectMapper': no URL paths identified
2018-05-11 16:40:08.654 DEBUG [main] org.springframework.web.servlet.handler.BeanNameUrlHandlerMapping Line:86  - Rejected bean name 'jacksonHttpMessageConverter': no URL paths identified
2018-05-11 16:40:08.654 DEBUG [main] org.springframework.web.servlet.handler.BeanNameUrlHandlerMapping Line:86  - Rejected bean name 'halJacksonHttpMessageConverter': no URL paths identified
2018-05-11 16:40:08.654 DEBUG [main] org.springframework.web.servlet.handler.BeanNameUrlHandlerMapping Line:86  - Rejected bean name 'halObjectMapper': no URL paths identified
2018-05-11 16:40:08.654 DEBUG [main] org.springframework.web.servlet.handler.BeanNameUrlHandlerMapping Line:86  - Rejected bean name 'uriListHttpMessageConverter': no URL paths identified
2018-05-11 16:40:08.654 DEBUG [main] org.springframework.web.servlet.handler.BeanNameUrlHandlerMapping Line:86  - Rejected bean name 'resourceProcessorInvoker': no URL paths identified
2018-05-11 16:40:08.654 DEBUG [main] org.springframework.web.servlet.handler.BeanNameUrlHandlerMapping Line:86  - Rejected bean name 'repositoryExporterHandlerAdapter': no URL paths identified
2018-05-11 16:40:08.654 DEBUG [main] org.springframework.web.servlet.handler.BeanNameUrlHandlerMapping Line:86  - Rejected bean name 'restHandlerMapping': no URL paths identified
2018-05-11 16:40:08.655 DEBUG [main] org.springframework.web.servlet.handler.BeanNameUrlHandlerMapping Line:86  - Rejected bean name 'resourceMappings': no URL paths identified
2018-05-11 16:40:08.655 DEBUG [main] org.springframework.web.servlet.handler.BeanNameUrlHandlerMapping Line:86  - Rejected bean name 'linkCollector': no URL paths identified
2018-05-11 16:40:08.655 DEBUG [main] org.springframework.web.servlet.handler.BeanNameUrlHandlerMapping Line:86  - Rejected bean name 'excerptProjector': no URL paths identified
2018-05-11 16:40:08.655 DEBUG [main] org.springframework.web.servlet.handler.BeanNameUrlHandlerMapping Line:86  - Rejected bean name 'exceptionHandlerExceptionResolver': no URL paths identified
2018-05-11 16:40:08.655 DEBUG [main] org.springframework.web.servlet.handler.BeanNameUrlHandlerMapping Line:86  - Rejected bean name 'repositoryRestExceptionHandler': no URL paths identified
2018-05-11 16:40:08.655 DEBUG [main] org.springframework.web.servlet.handler.BeanNameUrlHandlerMapping Line:86  - Rejected bean name 'repositoryInvokerFactory': no URL paths identified
2018-05-11 16:40:08.655 DEBUG [main] org.springframework.web.servlet.handler.BeanNameUrlHandlerMapping Line:86  - Rejected bean name 'defaultMessageConverters': no URL paths identified
2018-05-11 16:40:08.655 DEBUG [main] org.springframework.web.servlet.handler.BeanNameUrlHandlerMapping Line:86  - Rejected bean name 'alpsJsonHttpMessageConverter': no URL paths identified
2018-05-11 16:40:08.656 DEBUG [main] org.springframework.web.servlet.handler.BeanNameUrlHandlerMapping Line:86  - Rejected bean name 'pageableResolver': no URL paths identified
2018-05-11 16:40:08.656 DEBUG [main] org.springframework.web.servlet.handler.BeanNameUrlHandlerMapping Line:86  - Rejected bean name 'sortResolver': no URL paths identified
2018-05-11 16:40:08.656 DEBUG [main] org.springframework.web.servlet.handler.BeanNameUrlHandlerMapping Line:86  - Rejected bean name 'backendIdConverterRegistry': no URL paths identified
2018-05-11 16:40:08.656 DEBUG [main] org.springframework.web.servlet.handler.BeanNameUrlHandlerMapping Line:86  - Rejected bean name 'auditableBeanWrapperFactory': no URL paths identified
2018-05-11 16:40:08.656 DEBUG [main] org.springframework.web.servlet.handler.BeanNameUrlHandlerMapping Line:86  - Rejected bean name 'selfLinkProvider': no URL paths identified
2018-05-11 16:40:08.656 DEBUG [main] org.springframework.web.servlet.handler.BeanNameUrlHandlerMapping Line:86  - Rejected bean name 'associationLinks': no URL paths identified
2018-05-11 16:40:08.656 DEBUG [main] org.springframework.web.servlet.handler.BeanNameUrlHandlerMapping Line:86  - Rejected bean name 'enumTranslator': no URL paths identified
2018-05-11 16:40:08.657 DEBUG [main] org.springframework.web.servlet.handler.BeanNameUrlHandlerMapping Line:86  - Rejected bean name 'alpsConverter': no URL paths identified
2018-05-11 16:40:08.657 DEBUG [main] org.springframework.web.servlet.handler.BeanNameUrlHandlerMapping Line:86  - Rejected bean name 'profileResourceProcessor': no URL paths identified
2018-05-11 16:40:08.657 DEBUG [main] org.springframework.web.servlet.handler.BeanNameUrlHandlerMapping Line:86  - Rejected bean name 'pagedResourcesAssembler': no URL paths identified
2018-05-11 16:40:08.658 DEBUG [main] org.springframework.web.servlet.handler.BeanNameUrlHandlerMapping Line:86  - Rejected bean name 'pagedResourcesAssemblerArgumentResolver': no URL paths identified
2018-05-11 16:40:08.658 DEBUG [main] org.springframework.web.servlet.handler.BeanNameUrlHandlerMapping Line:86  - Rejected bean name 'entityLinksPluginRegistry': no URL paths identified
2018-05-11 16:40:08.658 DEBUG [main] org.springframework.web.servlet.handler.BeanNameUrlHandlerMapping Line:86  - Rejected bean name 'controllerEntityLinks': no URL paths identified
2018-05-11 16:40:08.658 DEBUG [main] org.springframework.web.servlet.handler.BeanNameUrlHandlerMapping Line:86  - Rejected bean name 'delegatingEntityLinks': no URL paths identified
2018-05-11 16:40:08.658 DEBUG [main] org.springframework.web.servlet.handler.BeanNameUrlHandlerMapping Line:86  - Rejected bean name '_halObjectMapper': no URL paths identified
2018-05-11 16:40:08.658 DEBUG [main] org.springframework.web.servlet.handler.BeanNameUrlHandlerMapping Line:86  - Rejected bean name 'org.springframework.hateoas.config.HypermediaSupportBeanDefinitionRegistrar$DefaultObjectMapperCustomizer#0': no URL paths identified
2018-05-11 16:40:08.658 DEBUG [main] org.springframework.web.servlet.handler.BeanNameUrlHandlerMapping Line:86  - Rejected bean name 'org.springframework.hateoas.config.HypermediaSupportBeanDefinitionRegistrar$Jackson2ModuleRegisteringBeanPostProcessor#0': no URL paths identified
2018-05-11 16:40:08.659 DEBUG [main] org.springframework.web.servlet.handler.BeanNameUrlHandlerMapping Line:86  - Rejected bean name '_linkDiscovererRegistry': no URL paths identified
2018-05-11 16:40:08.659 DEBUG [main] org.springframework.web.servlet.handler.BeanNameUrlHandlerMapping Line:86  - Rejected bean name 'org.springframework.hateoas.LinkDiscoverers#0': no URL paths identified
2018-05-11 16:40:08.659 DEBUG [main] org.springframework.web.servlet.handler.BeanNameUrlHandlerMapping Line:86  - Rejected bean name 'defaultRelProvider': no URL paths identified
2018-05-11 16:40:08.659 DEBUG [main] org.springframework.web.servlet.handler.BeanNameUrlHandlerMapping Line:86  - Rejected bean name 'annotationRelProvider': no URL paths identified
2018-05-11 16:40:08.659 DEBUG [main] org.springframework.web.servlet.handler.BeanNameUrlHandlerMapping Line:86  - Rejected bean name 'relProviderPluginRegistry': no URL paths identified
2018-05-11 16:40:08.659 DEBUG [main] org.springframework.web.servlet.handler.BeanNameUrlHandlerMapping Line:86  - Rejected bean name '_relProvider': no URL paths identified
2018-05-11 16:40:08.659 DEBUG [main] org.springframework.web.servlet.handler.BeanNameUrlHandlerMapping Line:86  - Rejected bean name 'org.springframework.boot.autoconfigure.data.rest.RepositoryRestMvcAutoConfiguration': no URL paths identified
2018-05-11 16:40:08.659 DEBUG [main] org.springframework.web.servlet.handler.BeanNameUrlHandlerMapping Line:86  - Rejected bean name 'springBootRepositoryRestConfigurer': no URL paths identified
2018-05-11 16:40:08.660 DEBUG [main] org.springframework.web.servlet.handler.BeanNameUrlHandlerMapping Line:86  - Rejected bean name 'spring.data.rest-org.springframework.boot.autoconfigure.data.rest.RepositoryRestProperties': no URL paths identified
2018-05-11 16:40:08.660 DEBUG [main] org.springframework.web.servlet.handler.BeanNameUrlHandlerMapping Line:86  - Rejected bean name 'org.springframework.boot.autoconfigure.hateoas.HypermediaHttpMessageConverterConfiguration': no URL paths identified
2018-05-11 16:40:08.660 DEBUG [main] org.springframework.web.servlet.handler.BeanNameUrlHandlerMapping Line:86  - Rejected bean name 'halMessageConverterSupportedMediaTypeCustomizer': no URL paths identified
2018-05-11 16:40:08.660 DEBUG [main] org.springframework.web.servlet.handler.BeanNameUrlHandlerMapping Line:86  - Rejected bean name 'org.springframework.boot.autoconfigure.hateoas.HypermediaAutoConfiguration': no URL paths identified
2018-05-11 16:40:08.660 DEBUG [main] org.springframework.web.servlet.handler.BeanNameUrlHandlerMapping Line:86  - Rejected bean name 'spring.hateoas-org.springframework.boot.autoconfigure.hateoas.HateoasProperties': no URL paths identified
2018-05-11 16:40:08.660 DEBUG [main] org.springframework.web.servlet.handler.BeanNameUrlHandlerMapping Line:86  - Rejected bean name 'org.springframework.boot.autoconfigure.info.ProjectInfoAutoConfiguration': no URL paths identified
2018-05-11 16:40:08.661 DEBUG [main] org.springframework.web.servlet.handler.BeanNameUrlHandlerMapping Line:86  - Rejected bean name 'spring.info-org.springframework.boot.autoconfigure.info.ProjectInfoProperties': no URL paths identified
2018-05-11 16:40:08.661 DEBUG [main] org.springframework.web.servlet.handler.BeanNameUrlHandlerMapping Line:86  - Rejected bean name 'org.springframework.transaction.annotation.ProxyTransactionManagementConfiguration': no URL paths identified
2018-05-11 16:40:08.661 DEBUG [main] org.springframework.web.servlet.handler.BeanNameUrlHandlerMapping Line:86  - Rejected bean name 'org.springframework.transaction.config.internalTransactionAdvisor': no URL paths identified
2018-05-11 16:40:08.661 DEBUG [main] org.springframework.web.servlet.handler.BeanNameUrlHandlerMapping Line:86  - Rejected bean name 'transactionAttributeSource': no URL paths identified
2018-05-11 16:40:08.661 DEBUG [main] org.springframework.web.servlet.handler.BeanNameUrlHandlerMapping Line:86  - Rejected bean name 'transactionInterceptor': no URL paths identified
2018-05-11 16:40:08.661 DEBUG [main] org.springframework.web.servlet.handler.BeanNameUrlHandlerMapping Line:86  - Rejected bean name 'org.springframework.transaction.config.internalTransactionalEventListenerFactory': no URL paths identified
2018-05-11 16:40:08.661 DEBUG [main] org.springframework.web.servlet.handler.BeanNameUrlHandlerMapping Line:86  - Rejected bean name 'org.springframework.boot.autoconfigure.jdbc.DataSourceTransactionManagerAutoConfiguration$TransactionManagementConfiguration': no URL paths identified
2018-05-11 16:40:08.661 DEBUG [main] org.springframework.web.servlet.handler.BeanNameUrlHandlerMapping Line:86  - Rejected bean name 'org.springframework.boot.autoconfigure.jdbc.DataSourceTransactionManagerAutoConfiguration$DataSourceTransactionManagerConfiguration': no URL paths identified
2018-05-11 16:40:08.662 DEBUG [main] org.springframework.web.servlet.handler.BeanNameUrlHandlerMapping Line:86  - Rejected bean name 'org.springframework.boot.autoconfigure.jdbc.DataSourceTransactionManagerAutoConfiguration': no URL paths identified
2018-05-11 16:40:08.662 DEBUG [main] org.springframework.web.servlet.handler.BeanNameUrlHandlerMapping Line:86  - Rejected bean name 'org.springframework.boot.autoconfigure.jdbc.JdbcTemplateAutoConfiguration': no URL paths identified
2018-05-11 16:40:08.662 DEBUG [main] org.springframework.web.servlet.handler.BeanNameUrlHandlerMapping Line:86  - Rejected bean name 'jdbcTemplate': no URL paths identified
2018-05-11 16:40:08.662 DEBUG [main] org.springframework.web.servlet.handler.BeanNameUrlHandlerMapping Line:86  - Rejected bean name 'namedParameterJdbcTemplate': no URL paths identified
2018-05-11 16:40:08.662 DEBUG [main] org.springframework.web.servlet.handler.BeanNameUrlHandlerMapping Line:86  - Rejected bean name 'org.springframework.boot.autoconfigure.transaction.TransactionAutoConfiguration': no URL paths identified
2018-05-11 16:40:08.662 DEBUG [main] org.springframework.web.servlet.handler.BeanNameUrlHandlerMapping Line:86  - Rejected bean name 'transactionTemplate': no URL paths identified
2018-05-11 16:40:08.662 DEBUG [main] org.springframework.web.servlet.handler.BeanNameUrlHandlerMapping Line:86  - Rejected bean name 'org.springframework.boot.autoconfigure.web.HttpEncodingAutoConfiguration': no URL paths identified
2018-05-11 16:40:08.662 DEBUG [main] org.springframework.web.servlet.handler.BeanNameUrlHandlerMapping Line:86  - Rejected bean name 'characterEncodingFilter': no URL paths identified
2018-05-11 16:40:08.663 DEBUG [main] org.springframework.web.servlet.handler.BeanNameUrlHandlerMapping Line:86  - Rejected bean name 'localeCharsetMappingsCustomizer': no URL paths identified
2018-05-11 16:40:08.666 DEBUG [main] org.springframework.web.servlet.handler.BeanNameUrlHandlerMapping Line:86  - Rejected bean name 'org.springframework.boot.autoconfigure.web.MultipartAutoConfiguration': no URL paths identified
2018-05-11 16:40:08.667 DEBUG [main] org.springframework.web.servlet.handler.BeanNameUrlHandlerMapping Line:86  - Rejected bean name 'multipartConfigElement': no URL paths identified
2018-05-11 16:40:08.667 DEBUG [main] org.springframework.web.servlet.handler.BeanNameUrlHandlerMapping Line:86  - Rejected bean name 'multipartResolver': no URL paths identified
2018-05-11 16:40:08.667 DEBUG [main] org.springframework.web.servlet.handler.BeanNameUrlHandlerMapping Line:86  - Rejected bean name 'spring.http.multipart-org.springframework.boot.autoconfigure.web.MultipartProperties': no URL paths identified
2018-05-11 16:40:08.667 DEBUG [main] org.springframework.web.servlet.handler.BeanNameUrlHandlerMapping Line:86  - Rejected bean name 'org.springframework.boot.autoconfigure.web.ServerPropertiesAutoConfiguration': no URL paths identified
2018-05-11 16:40:08.667 DEBUG [main] org.springframework.web.servlet.handler.BeanNameUrlHandlerMapping Line:86  - Rejected bean name 'serverProperties': no URL paths identified
2018-05-11 16:40:08.667 DEBUG [main] org.springframework.web.servlet.handler.BeanNameUrlHandlerMapping Line:86  - Rejected bean name 'duplicateServerPropertiesDetector': no URL paths identified
2018-05-11 16:40:08.668 DEBUG [main] org.springframework.web.servlet.handler.BeanNameUrlHandlerMapping Line:86  - Rejected bean name 'org.springframework.boot.autoconfigure.web.WebClientAutoConfiguration$RestTemplateConfiguration': no URL paths identified
2018-05-11 16:40:08.668 DEBUG [main] org.springframework.web.servlet.handler.BeanNameUrlHandlerMapping Line:86  - Rejected bean name 'restTemplateBuilder': no URL paths identified
2018-05-11 16:40:08.668 DEBUG [main] org.springframework.web.servlet.handler.BeanNameUrlHandlerMapping Line:86  - Rejected bean name 'org.springframework.boot.autoconfigure.web.WebClientAutoConfiguration': no URL paths identified
2018-05-11 16:40:08.668 DEBUG [main] org.springframework.web.servlet.handler.BeanNameUrlHandlerMapping Line:86  - Rejected bean name 'productionMapper': no URL paths identified
2018-05-11 16:40:08.668 DEBUG [main] org.springframework.web.servlet.handler.BeanNameUrlHandlerMapping Line:86  - Rejected bean name 'tableCollectionMapper': no URL paths identified
2018-05-11 16:40:08.668 DEBUG [main] org.springframework.web.servlet.handler.BeanNameUrlHandlerMapping Line:86  - Rejected bean name 'org.springframework.orm.jpa.SharedEntityManagerCreator#0': no URL paths identified
2018-05-11 16:40:08.669 DEBUG [main] org.springframework.web.servlet.handler.BeanNameUrlHandlerMapping Line:86  - Rejected bean name 'autoConfigurationReport': no URL paths identified
2018-05-11 16:40:08.669 DEBUG [main] org.springframework.web.servlet.handler.BeanNameUrlHandlerMapping Line:86  - Rejected bean name 'springApplicationArguments': no URL paths identified
2018-05-11 16:40:08.669 DEBUG [main] org.springframework.web.servlet.handler.BeanNameUrlHandlerMapping Line:86  - Rejected bean name 'springBootBanner': no URL paths identified
2018-05-11 16:40:08.669 DEBUG [main] org.springframework.web.servlet.handler.BeanNameUrlHandlerMapping Line:86  - Rejected bean name 'springBootLoggingSystem': no URL paths identified
2018-05-11 16:40:08.669 DEBUG [main] org.springframework.web.servlet.handler.BeanNameUrlHandlerMapping Line:86  - Rejected bean name 'environment': no URL paths identified
2018-05-11 16:40:08.669 DEBUG [main] org.springframework.web.servlet.handler.BeanNameUrlHandlerMapping Line:86  - Rejected bean name 'systemProperties': no URL paths identified
2018-05-11 16:40:08.670 DEBUG [main] org.springframework.web.servlet.handler.BeanNameUrlHandlerMapping Line:86  - Rejected bean name 'systemEnvironment': no URL paths identified
2018-05-11 16:40:08.670 DEBUG [main] org.springframework.web.servlet.handler.BeanNameUrlHandlerMapping Line:86  - Rejected bean name 'org.springframework.context.annotation.ConfigurationClassPostProcessor.importRegistry': no URL paths identified
2018-05-11 16:40:08.673 DEBUG [main] org.springframework.web.servlet.handler.BeanNameUrlHandlerMapping Line:86  - Rejected bean name 'messageSource': no URL paths identified
2018-05-11 16:40:08.673 DEBUG [main] org.springframework.web.servlet.handler.BeanNameUrlHandlerMapping Line:86  - Rejected bean name 'applicationEventMulticaster': no URL paths identified
2018-05-11 16:40:08.673 DEBUG [main] org.springframework.web.servlet.handler.BeanNameUrlHandlerMapping Line:86  - Rejected bean name 'servletContext': no URL paths identified
2018-05-11 16:40:08.673 DEBUG [main] org.springframework.web.servlet.handler.BeanNameUrlHandlerMapping Line:86  - Rejected bean name 'contextParameters': no URL paths identified
2018-05-11 16:40:08.673 DEBUG [main] org.springframework.web.servlet.handler.BeanNameUrlHandlerMapping Line:86  - Rejected bean name 'contextAttributes': no URL paths identified
2018-05-11 16:40:08.719 DEBUG [main] org.springframework.web.servlet.mvc.method.annotation.ExceptionHandlerExceptionResolver Line:260 - Looking for exception mappings: org.springframework.boot.context.embedded.AnnotationConfigEmbeddedWebApplicationContext@69f1a286: startup date [Fri May 11 16:39:59 CST 2018]; root of context hierarchy
2018-05-11 16:40:09.173 DEBUG [main] org.springframework.web.servlet.mvc.method.annotation.ExceptionHandlerExceptionResolver Line:260 - Looking for exception mappings: org.springframework.boot.context.embedded.AnnotationConfigEmbeddedWebApplicationContext@69f1a286: startup date [Fri May 11 16:39:59 CST 2018]; root of context hierarchy
2018-05-11 16:40:09.693 DEBUG [main] org.springframework.web.servlet.resource.ResourceUrlProvider Line:149 - Looking for resource handler mappings
2018-05-11 16:40:09.695 DEBUG [main] org.springframework.web.servlet.resource.ResourceUrlProvider Line:161 - Found resource handler mapping: URL pattern="/**/favicon.ico", locations=[ServletContext resource [/], class path resource [META-INF/resources/], class path resource [resources/], class path resource [static/], class path resource [public/], class path resource []], resolvers=[org.springframework.web.servlet.resource.PathResourceResolver@1bb78ae]
2018-05-11 16:40:09.695 DEBUG [main] org.springframework.web.servlet.resource.ResourceUrlProvider Line:161 - Found resource handler mapping: URL pattern="/webjars/**", locations=[class path resource [META-INF/resources/webjars/]], resolvers=[org.springframework.web.servlet.resource.PathResourceResolver@3ee2d546]
2018-05-11 16:40:09.695 DEBUG [main] org.springframework.web.servlet.resource.ResourceUrlProvider Line:161 - Found resource handler mapping: URL pattern="/**", locations=[ServletContext resource [/], class path resource [META-INF/resources/], class path resource [resources/], class path resource [static/], class path resource [public/]], resolvers=[org.springframework.web.servlet.resource.PathResourceResolver@58be583e]
2018-05-11 16:40:09.777 DEBUG [main] org.springframework.web.context.support.StandardServletEnvironment Line:97  - Adding [server.ports] PropertySource with highest search precedence
